\BOOKMARK [1][-]{section.1}{Introduction}{}% 1
\BOOKMARK [2][-]{subsection.1.1}{Applications}{section.1}% 2
\BOOKMARK [1][-]{section.2}{Background}{}% 3
\BOOKMARK [1][-]{section.3}{Related Work}{}% 4
\BOOKMARK [1][-]{section.4}{New Protocol}{}% 5
\BOOKMARK [1][-]{section.5}{New Protocol - Additional Details}{}% 6
\BOOKMARK [1][-]{section.6}{Implementation}{}% 7
\BOOKMARK [2][-]{subsection.6.1}{Preliminaries}{section.6}% 8
\BOOKMARK [2][-]{subsection.6.2}{representing Z2 vector}{section.6}% 9
\BOOKMARK [2][-]{subsection.6.3}{Representing Z3 vector}{section.6}% 10
\BOOKMARK [3][-]{subsubsection.6.3.1}{Bit slicing and operations:}{subsection.6.3}% 11
\BOOKMARK [3][-]{subsubsection.6.3.2}{Integer packing and operations:}{subsection.6.3}% 12
\BOOKMARK [3][-]{subsubsection.6.3.3}{Matrix multiplication - using a lookup table: }{subsection.6.3}% 13
\BOOKMARK [2][-]{subsection.6.4}{Putting it all together}{section.6}% 14
\BOOKMARK [1][-]{section.7}{Analysis}{}% 15
\BOOKMARK [1][-]{section.8}{Benchmarking}{}% 16
\BOOKMARK [1][-]{section.9}{Experimental Results}{}% 17
\BOOKMARK [1][-]{section.10}{Conclusion and Future Work}{}% 18
\BOOKMARK [1][-]{section.11}{Acknowledgement}{}% 19
\BOOKMARK [1][-]{section.12}{References}{}% 20
