\BOOKMARK [1][-]{section.1}{Introduction}{}% 1
\BOOKMARK [1][-]{section.2}{Preliminaries}{}% 2
\BOOKMARK [1][-]{section.3}{Candidate Constructions}{}% 3
\BOOKMARK [2][-]{subsection.3.1}{Basic structure}{section.3}% 4
\BOOKMARK [1][-]{section.4}{Cryptanalysis}{}% 5
\BOOKMARK [2][-]{subsection.4.1}{Choosing concrete parameters}{section.4}% 6
\BOOKMARK [1][-]{section.5}{Distributed Protocols}{}% 7
\BOOKMARK [2][-]{subsection.5.1}{Technical Overview}{section.5}% 8
\BOOKMARK [3][-]{subsubsection.5.1.1}{Distributed Computation of Circuit Gates}{subsection.5.1}% 9
\BOOKMARK [3][-]{subsubsection.5.1.2}{Composing Gate Protocols}{subsection.5.1}% 10
\BOOKMARK [2][-]{subsection.5.2}{Distributed Evaluation in the Preprocessing Model}{section.5}% 11
\BOOKMARK [3][-]{subsubsection.5.2.1}{2-Party Protocol for \(2,3\)-wPRF.}{subsection.5.2}% 12
\BOOKMARK [2][-]{subsection.5.3}{3-party Distributed Evaluation}{section.5}% 13
\BOOKMARK [2][-]{subsection.5.4}{Oblivious PRF Evaluation in the Preprocessing Model}{section.5}% 14
\BOOKMARK [1][-]{section.6}{Implementation and Evaluation}{}% 15
\BOOKMARK [2][-]{subsection.6.1}{Optimizations}{section.6}% 16
\BOOKMARK [2][-]{subsection.6.2}{Performance Benchmarks}{section.6}% 17
\BOOKMARK [1][-]{section.7}{Applications}{}% 18
\BOOKMARK [2][-]{subsection.7.1}{A Signature Scheme}{section.7}% 19
\BOOKMARK [3][-]{subsubsection.7.1.1}{MPC protocol details}{subsection.7.1}% 20
\BOOKMARK [3][-]{subsubsection.7.1.2}{Signature Scheme Details}{subsection.7.1}% 21
\BOOKMARK [2][-]{subsection.7.2}{Distributed Picnic}{section.7}% 22
